<?xml version="1.0" encoding="UTF-8"?>
<!-- Generated by org.testng.reporters.JUnitReportReporter -->
<testsuite hostname="Govi-Raj2819" failures="0" tests="3" name="alltests.EndtoEndTest" time="35.750" errors="0" timestamp="2025-02-26T07:21:40 IST" skipped="0">
  <testcase classname="alltests.EndtoEndTest" name="thirdTest" time="8.824"/>
  <system-out/>
  <testcase classname="alltests.EndtoEndTest" name="secondTest" time="9.115"/>
  <system-out/>
  <testcase classname="alltests.EndtoEndTest" name="loginTest" time="17.811"/>
  <system-out/>
</testsuite> <!-- alltests.EndtoEndTest -->
